# Logfile created on 2014-02-08 09:50:36 -0600 by logger.rb/36483
I, [2014-02-08T09:50:36.466554 #2443]  INFO -- : 0:  rake (10.1.1) from /Users/brian/.rvm/gems/ruby-2.0.0-p195/specifications/rake-10.1.1.gemspec
I, [2014-02-08T09:50:36.466962 #2443]  INFO -- : 0:  i18n (0.6.9) from /Users/brian/.rvm/gems/ruby-2.0.0-p195/specifications/i18n-0.6.9.gemspec
I, [2014-02-08T09:50:36.467262 #2443]  INFO -- : 0:  minitest (4.7.5) from /Users/brian/.rvm/gems/ruby-2.0.0-p195/specifications/minitest-4.7.5.gemspec
I, [2014-02-08T09:50:36.467548 #2443]  INFO -- : 0:  multi_json (1.8.4) from /Users/brian/.rvm/gems/ruby-2.0.0-p195/specifications/multi_json-1.8.4.gemspec
I, [2014-02-08T09:50:36.467825 #2443]  INFO -- : 0:  atomic (1.1.14) from /Users/brian/.rvm/gems/ruby-2.0.0-p195/specifications/atomic-1.1.14.gemspec
I, [2014-02-08T09:50:36.468161 #2443]  INFO -- : 0:  thread_safe (0.1.3) from /Users/brian/.rvm/gems/ruby-2.0.0-p195/specifications/thread_safe-0.1.3.gemspec
I, [2014-02-08T09:50:36.468428 #2443]  INFO -- : 0:  tzinfo (0.3.38) from /Users/brian/.rvm/gems/ruby-2.0.0-p195/specifications/tzinfo-0.3.38.gemspec
I, [2014-02-08T09:50:36.468687 #2443]  INFO -- : 0:  activesupport (4.0.2) from /Users/brian/.rvm/gems/ruby-2.0.0-p195/specifications/activesupport-4.0.2.gemspec
I, [2014-02-08T09:50:36.468948 #2443]  INFO -- : 0:  builder (3.1.4) from /Users/brian/.rvm/gems/ruby-2.0.0-p195/specifications/builder-3.1.4.gemspec
I, [2014-02-08T09:50:36.469205 #2443]  INFO -- : 0:  activemodel (4.0.2) from /Users/brian/.rvm/gems/ruby-2.0.0-p195/specifications/activemodel-4.0.2.gemspec
I, [2014-02-08T09:50:36.469464 #2443]  INFO -- : 0:  activerecord-deprecated_finders (1.0.3) from /Users/brian/.rvm/gems/ruby-2.0.0-p195/specifications/activerecord-deprecated_finders-1.0.3.gemspec
I, [2014-02-08T09:50:37.021955 #2443]  INFO -- : 0:  arel (4.0.2) from /Users/brian/.rvm/gems/ruby-2.0.0-p195/specifications/arel-4.0.2.gemspec
I, [2014-02-08T09:50:37.022559 #2443]  INFO -- : 0:  activerecord (4.0.2) from /Users/brian/.rvm/gems/ruby-2.0.0-p195/specifications/activerecord-4.0.2.gemspec
I, [2014-02-08T09:50:37.771572 #2443]  INFO -- : 0:  backports (3.5.0) from /Users/brian/.rvm/gems/ruby-2.0.0-p195/specifications/backports-3.5.0.gemspec
I, [2014-02-08T09:50:39.682816 #2443]  INFO -- : 0:  bcrypt-ruby (3.1.2) from /Users/brian/.rvm/gems/ruby-2.0.0-p195/specifications/bcrypt-ruby-3.1.2.gemspec
I, [2014-02-08T09:50:39.683383 #2443]  INFO -- : 0:  json (1.8.1) from /Users/brian/.rvm/gems/ruby-2.0.0-p195/specifications/json-1.8.1.gemspec
I, [2014-02-08T09:50:40.052768 #2443]  INFO -- : 0:  carrierwave (0.9.0) from /Users/brian/.rvm/gems/ruby-2.0.0-p195/specifications/carrierwave-0.9.0.gemspec
I, [2014-02-08T09:50:40.053267 #2443]  INFO -- : 0:  daemons (1.1.9) from /Users/brian/.rvm/gems/ruby-2.0.0-p195/specifications/daemons-1.1.9.gemspec
I, [2014-02-08T09:50:40.053648 #2443]  INFO -- : 0:  diff-lcs (1.2.5) from /Users/brian/.rvm/gems/ruby-2.0.0-p195/specifications/diff-lcs-1.2.5.gemspec
I, [2014-02-08T09:50:40.054008 #2443]  INFO -- : 0:  eventmachine (1.0.3) from /Users/brian/.rvm/gems/ruby-2.0.0-p195/specifications/eventmachine-1.0.3.gemspec
I, [2014-02-08T09:50:40.054371 #2443]  INFO -- : 0:  faker (1.2.0) from /Users/brian/.rvm/gems/ruby-2.0.0-p195/specifications/faker-1.2.0.gemspec
I, [2014-02-08T09:50:40.349525 #2443]  INFO -- : 0:  subexec (0.2.3) from /Users/brian/.rvm/gems/ruby-2.0.0-p195/specifications/subexec-0.2.3.gemspec
I, [2014-02-08T09:50:40.689189 #2443]  INFO -- : 0:  mini_magick (3.7.0) from /Users/brian/.rvm/gems/ruby-2.0.0-p195/specifications/mini_magick-3.7.0.gemspec
I, [2014-02-08T09:50:40.689674 #2443]  INFO -- : 0:  pg (0.17.1) from /Users/brian/.rvm/gems/ruby-2.0.0-p195/specifications/pg-0.17.1.gemspec
I, [2014-02-08T09:50:40.689979 #2443]  INFO -- : 0:  rack (1.5.2) from /Users/brian/.rvm/gems/ruby-2.0.0-p195/specifications/rack-1.5.2.gemspec
I, [2014-02-08T09:50:40.690281 #2443]  INFO -- : 0:  rack-protection (1.5.2) from /Users/brian/.rvm/gems/ruby-2.0.0-p195/specifications/rack-protection-1.5.2.gemspec
I, [2014-02-08T09:50:40.690580 #2443]  INFO -- : 0:  rack-test (0.6.2) from /Users/brian/.rvm/gems/ruby-2.0.0-p195/specifications/rack-test-0.6.2.gemspec
I, [2014-02-08T09:50:40.690981 #2443]  INFO -- : 0:  rspec-core (2.14.7) from /Users/brian/.rvm/gems/ruby-2.0.0-p195/specifications/rspec-core-2.14.7.gemspec
I, [2014-02-08T09:50:40.691286 #2443]  INFO -- : 0:  rspec-expectations (2.14.5) from /Users/brian/.rvm/gems/ruby-2.0.0-p195/specifications/rspec-expectations-2.14.5.gemspec
I, [2014-02-08T09:50:40.691591 #2443]  INFO -- : 0:  rspec-mocks (2.14.5) from /Users/brian/.rvm/gems/ruby-2.0.0-p195/specifications/rspec-mocks-2.14.5.gemspec
I, [2014-02-08T09:50:40.691891 #2443]  INFO -- : 0:  rspec (2.14.1) from /Users/brian/.rvm/gems/ruby-2.0.0-p195/specifications/rspec-2.14.1.gemspec
I, [2014-02-08T09:50:40.692184 #2443]  INFO -- : 0:  shotgun (0.9) from /Users/brian/.rvm/gems/ruby-2.0.0-p195/specifications/shotgun-0.9.gemspec
I, [2014-02-08T09:50:40.692633 #2443]  INFO -- : 0:  tilt (1.4.1) from /Users/brian/.rvm/gems/ruby-2.0.0-p195/specifications/tilt-1.4.1.gemspec
I, [2014-02-08T09:50:40.693015 #2443]  INFO -- : 0:  sinatra (1.4.4) from /Users/brian/.rvm/gems/ruby-2.0.0-p195/specifications/sinatra-1.4.4.gemspec
I, [2014-02-08T09:50:40.693316 #2443]  INFO -- : 0:  sinatra-contrib (1.4.2) from /Users/brian/.rvm/gems/ruby-2.0.0-p195/specifications/sinatra-contrib-1.4.2.gemspec
I, [2014-02-08T09:50:40.693612 #2443]  INFO -- : 0:  thin (1.6.1) from /Users/brian/.rvm/gems/ruby-2.0.0-p195/specifications/thin-1.6.1.gemspec
I, [2014-02-08T09:50:40.693893 #2443]  INFO -- : 0:  bundler (1.5.1) from /Users/brian/.rvm/gems/ruby-2.0.0-p195@global/specifications/bundler-1.5.1.gemspec
